Script: s01_check_cnv_vcf.sh
Wed Jul  6 22:48:54 UTC 2022

Input VCF file: /home/share/data/s00_source_data/IHCAPX8/s03_copy_number_variants/IHCAPX8_CNV_dragen_joint.cnv.vcf.gz
bcftools 
Using htslib 1.15.1
Copyright (C) 2022 Genome Research Ltd.
License Expat: The MIT/Expat license
This is free software: you are free to change and redistribute it.
There is NO WARRANTY, to the extent permitted by law.
Wed Jul  6 22:48:54 UTC 2022

Script: s01_check_vcf.sh

Wed Jul  6 22:48:54 UTC 2022

Input VCF file: /home/share/data/s00_source_data/IHCAPX8/s03_copy_number_variants/IHCAPX8_CNV_dragen_joint.cnv.vcf.gz
MD5SUM file: 

a753aa979fdb35e83cbac1938c0fed1a  /home/share/data/s00_source_data/IHCAPX8/s03_copy_number_variants/IHCAPX8_CNV_dragen_joint.cnv.vcf.gz

Done.
Wed Jul  6 22:48:54 UTC 2022
   1703 .
   1829 CNV
   3532 .
--- Summary of Types of CNVs ---
   1703 REF
   1563 LOSS
    240 GAIN
     26 CNV
Done.
Wed Jul  6 22:48:54 UTC 2022

