./s04_annotate_clinvar.sh
Sat Jun  4 18:56:47 UTC 2022

bcftools 
Using htslib 1.15.1
Copyright (C) 2022 Genome Research Ltd.
License Expat: The MIT/Expat license
This is free software: you are free to change and redistribute it.
There is NO WARRANTY, to the extent permitted by law.
Sat Jun  4 18:56:47 UTC 2022

Input VCF: /home/share/data/s04_annotate/IHCAPX8_dragen_joint.ID.vcf.gz
ClinVar VCF: /home/share/resources/clinvar/clinvar_20220507.updated.vcf.gz

Annotating variants with ClinVar...
Number of INFO fields in input VCF:

12

Number of INFO files in annotated VCF:

34

List of INFO fields in annotated VCF

##INFO=<ID=AC,Number=A,Type=Integer,Description="Allele count in genotypes, for each ALT allele, in the same order as listed">
##INFO=<ID=AF,Number=A,Type=Float,Description="Allele Frequency, for each ALT allele, in the same order as listed">
##INFO=<ID=AN,Number=1,Type=Integer,Description="Total number of alleles in called genotypes">
##INFO=<ID=DB,Number=0,Type=Flag,Description="dbSNP Membership">
##INFO=<ID=DP,Number=1,Type=Integer,Description="Approximate read depth (informative and non-informative); some reads may have been filtered based on mapq etc.">
##INFO=<ID=END,Number=1,Type=Integer,Description="Stop position of the interval">
##INFO=<ID=FS,Number=1,Type=Float,Description="Phred-scaled p-value using Fisher's exact test to detect strand bias">
##INFO=<ID=MQ,Number=1,Type=Float,Description="RMS Mapping Quality">
##INFO=<ID=MQRankSum,Number=1,Type=Float,Description="Z-score From Wilcoxon rank sum test of Alt vs. Ref read mapping qualities">
##INFO=<ID=QD,Number=1,Type=Float,Description="Variant Confidence/Quality by Depth">
##INFO=<ID=ReadPosRankSum,Number=1,Type=Float,Description="Z-score from Wilcoxon rank sum test of Alt vs. Ref read position bias">
##INFO=<ID=SOR,Number=1,Type=Float,Description="Symmetric Odds Ratio of 2x2 contingency table to detect strand bias">
##INFO=<ID=AF_ESP,Number=1,Type=Float,Description="allele frequencies from GO-ESP">
##INFO=<ID=AF_EXAC,Number=1,Type=Float,Description="allele frequencies from ExAC">
##INFO=<ID=AF_TGP,Number=1,Type=Float,Description="allele frequencies from TGP">
##INFO=<ID=ALLELEID,Number=1,Type=Integer,Description="the ClinVar Allele ID">
##INFO=<ID=CLNDN,Number=.,Type=String,Description="ClinVar's preferred disease name for the concept specified by disease identifiers in CLNDISDB">
##INFO=<ID=CLNDNINCL,Number=.,Type=String,Description="For included Variant : ClinVar's preferred disease name for the concept specified by disease identifiers in CLNDISDB">
##INFO=<ID=CLNDISDB,Number=.,Type=String,Description="Tag-value pairs of disease database name and identifier, e.g. OMIM:NNNNNN">
##INFO=<ID=CLNDISDBINCL,Number=.,Type=String,Description="For included Variant: Tag-value pairs of disease database name and identifier, e.g. OMIM:NNNNNN">
##INFO=<ID=CLNHGVS,Number=.,Type=String,Description="Top-level (primary assembly, alt, or patch) HGVS expression.">
##INFO=<ID=CLNREVSTAT,Number=.,Type=String,Description="ClinVar review status for the Variation ID">
##INFO=<ID=CLNSIG,Number=.,Type=String,Description="Clinical significance for this single variant; multiple values are separated by a vertical bar">
##INFO=<ID=CLNSIGCONF,Number=.,Type=String,Description="Conflicting clinical significance for this single variant; multiple values are separated by a vertical bar">
##INFO=<ID=CLNSIGINCL,Number=.,Type=String,Description="Clinical significance for a haplotype or genotype that includes this variant. Reported as pairs of VariationID:clinical significance; multiple values are separated by a vertical bar">
##INFO=<ID=CLNVC,Number=1,Type=String,Description="Variant type">
##INFO=<ID=CLNVCSO,Number=1,Type=String,Description="Sequence Ontology id for variant type">
##INFO=<ID=CLNVI,Number=.,Type=String,Description="the variant's clinical sources reported as tag-value pairs of database and variant identifier">
##INFO=<ID=DBVARID,Number=.,Type=String,Description="nsv accessions from dbVar for the variant">
##INFO=<ID=GENEINFO,Number=1,Type=String,Description="Gene(s) for the variant reported as gene symbol:gene id. The gene symbol and id are delimited by a colon (:) and each pair is delimited by a vertical bar (|)">
##INFO=<ID=MC,Number=.,Type=String,Description="comma separated list of molecular consequence in the form of Sequence Ontology ID|molecular_consequence">
##INFO=<ID=ORIGIN,Number=.,Type=String,Description="Allele origin. One or more of the following values may be added: 0 - unknown; 1 - germline; 2 - somatic; 4 - inherited; 8 - paternal; 16 - maternal; 32 - de-novo; 64 - biparental; 128 - uniparental; 256 - not-tested; 512 - tested-inconclusive; 1073741824 - other">
##INFO=<ID=RS,Number=.,Type=String,Description="dbSNP ID (i.e. rs number)">
##INFO=<ID=SSR,Number=1,Type=Integer,Description="Variant Suspect Reason Codes. One or more of the following values may be added: 0 - unspecified, 1 - Paralog, 2 - byEST, 4 - oldAlign, 8 - Para_EST, 16 - 1kg_failed, 1024 - other">

Number of variants with AlleleIDs: 
61445

--- Variant counts by clinical significance ---
  57462 Benign
   1602 Likely_benign
   1088 Benign/Likely_benign
    437 Uncertain_significance
    288 Conflicting_interpretations_of_pathogenicity
    107 other
    101 association
     94 drug_response
     92 not_provided
     82 risk_factor
     18 .
     12 protective
     11 Pathogenic
      6 confers_sensitivity
      5 Affects
      4 Pathogenic/Likely_pathogenic
      4 Likely_benign|_drug_response|_other
      3 Uncertain_significance|_association
      3 Pathogenic|_risk_factor
      3 Conflicting_interpretations_of_pathogenicity|_other
      2 protective|_risk_factor
      2 Benign|_risk_factor
      2 Benign|_other
      2 Benign|_association
      1 Uncertain_significance|_other
      1 Uncertain_significance|_drug_response
      1 Pathogenic|_protective
      1 Likely_pathogenic
      1 Likely_benign|_other
      1 Conflicting_interpretations_of_pathogenicity|_risk_factor
      1 Conflicting_interpretations_of_pathogenicity|_protective
      1 Conflicting_interpretations_of_pathogenicity|_other|_risk_factor
      1 Conflicting_interpretations_of_pathogenicity|_drug_response|_other
      1 Conflicting_interpretations_of_pathogenicity|_Affects
      1 Benign|_protective
      1 Benign|_drug_response
      1 Benign|_association|_confers_sensitivity
      1 Affects|_risk_factor
      1 Affects|_association

Done.
Sat Jun  4 18:58:14 UTC 2022

