./s05_retain_std_chrs.sh
Sun Jun  5 17:57:53 UTC 2022

bcftools 
Using htslib 1.15.1
Copyright (C) 2022 Genome Research Ltd.
License Expat: The MIT/Expat license
This is free software: you are free to change and redistribute it.
There is NO WARRANTY, to the extent permitted by law.
Sun Jun  5 17:57:53 UTC 2022

Input VCF file: /home/share/data/s04_annotate/IHCAPX8_dragen_joint.clinvar.vcf.gz
Output VCF file: /home/share/data/s04_annotate/IHCAPX8_dragen_joint.clinvar.reheaded.vcf.gz

Selecting variants from standard chromosomes only...

-- Variant counts in annotated VCF file --
Number of samples: 3
Number of SNPs:    6065729
Number of INDELs:  1568086
Number of MNPs:    0
Number of others:  0
Number of sites:   7633815

-- Variant counts in standard chromosomes of annotated VCF --
Number of samples: 3
Number of SNPs:    5990520
Number of INDELs:  1558095
Number of MNPs:    0
Number of others:  0
Number of sites:   7548615

-- Variant counts in standard chromosomes --
Contig	Length		Records
------------------------------------
chr1	248956422	579676
chr2	242193529	601135
chr3	198295559	498237
chr4	190214555	528422
chr5	181538259	453183
chr6	170805979	463331
chr7	159345973	420554
chr8	145138636	378486
chr9	138394717	328774
chr10	133797422	367194
chr11	135086622	367584
chr12	133275309	355245
chr13	114364328	287800
chr14	107043718	223525
chr15	101991189	221465
chr16	90338345	222195
chr17	83257441	221059
chr18	80373285	211606
chr19	58617616	173622
chr20	64444167	187478
chr21	46709983	117866
chr22	50818468	121467
chrX	156040895	208779
chrY	57227415	9932

Updating VCF header...

Indexing VCF file...
Number of contig fields in annotated VCF file:
3366

Number of contig fields in standard chromosome VCF file:
24

Done.
Sun Jun  5 17:59:47 UTC 2022

