Script: s08_select_IBD_variants.sh
Thu Jul 21 20:32:18 UTC 2022

bcftools 
Using htslib 1.15.1
Copyright (C) 2022 Genome Research Ltd.
License Expat: The MIT/Expat license
This is free software: you are free to change and redistribute it.
There is NO WARRANTY, to the extent permitted by law.
Thu Jul 21 20:32:18 UTC 2022

CHROM	POS	END
chr1	97273304	105223003
chr1	124935884	143186266
chr1	153268146	161574851
chr1	165692946	178351189
chr1	178542030	188574121
chr2	44115193	51871954
chr2	52937142	64245084
chr2	66978445	76795696
chr3	61208251	69539982
chr4	94192253	103619438
chr5	136820915	147930126
chr6	121598499	130630206
chr7	130718383	137920501
chr9	45478126	60528268
chr9	69917562	77625151
chr10	19787685	27264743
chr10	29795372	38099649
chr10	72084323	82078127
chr10	87522394	99438148
chr10	100342426	109224929
chr14	27777426	35948490
chr14	65917197	85717779
chr16	17917168	25036715
chr16	38280259	46388922
chr1	125177126	143186266
chr9	45478126	60528268
chr9	92884207	100818764
chr16	38280259	46405048
chr1	25440406	33441254
chr12	104476739	112505052
chr16	38280259	46812231
Filtering variants in IBD regions...
Sorting IBD VCF file...
Writing to /tmp/bcftools.KDu19u
Merging 1 temporary files
Cleaning
Done
Number of variants in IBD regions:
484614
Done.
Done.
Thu Jul 21 20:32:31 UTC 2022

