./s01_extract_vars_by_chr.sh
Fri Jun 10 19:18:40 UTC 2022

bcftools 
Using htslib 1.15.1
Copyright (C) 2022 Genome Research Ltd.
License Expat: The MIT/Expat license
This is free software: you are free to change and redistribute it.
There is NO WARRANTY, to the extent permitted by law.
Fri Jun 10 19:18:40 UTC 2022

Input VCF: /home/share/data/s04_annotate/IHCAPX8_dragen_joint.clinvar.reheaded.vcf.gz
Output folder: /home/share/data/s05_import_to_R

Extracting variants by chromosomes into individual VCF files...

Creating vcf for chr1...
/home/share/data/s05_import_to_R/IHCAPX8_dragen_joint.clinvar.reheaded_chr1.vcf.gz created.
Indexing VCF...

Creating vcf for chr2...
/home/share/data/s05_import_to_R/IHCAPX8_dragen_joint.clinvar.reheaded_chr2.vcf.gz created.
Indexing VCF...

Creating vcf for chr3...
/home/share/data/s05_import_to_R/IHCAPX8_dragen_joint.clinvar.reheaded_chr3.vcf.gz created.
Indexing VCF...

Creating vcf for chr4...
/home/share/data/s05_import_to_R/IHCAPX8_dragen_joint.clinvar.reheaded_chr4.vcf.gz created.
Indexing VCF...

Creating vcf for chr5...
/home/share/data/s05_import_to_R/IHCAPX8_dragen_joint.clinvar.reheaded_chr5.vcf.gz created.
Indexing VCF...

Creating vcf for chr6...
/home/share/data/s05_import_to_R/IHCAPX8_dragen_joint.clinvar.reheaded_chr6.vcf.gz created.
Indexing VCF...

Creating vcf for chr7...
/home/share/data/s05_import_to_R/IHCAPX8_dragen_joint.clinvar.reheaded_chr7.vcf.gz created.
Indexing VCF...

Creating vcf for chr8...
/home/share/data/s05_import_to_R/IHCAPX8_dragen_joint.clinvar.reheaded_chr8.vcf.gz created.
Indexing VCF...

Creating vcf for chr9...
/home/share/data/s05_import_to_R/IHCAPX8_dragen_joint.clinvar.reheaded_chr9.vcf.gz created.
Indexing VCF...

Creating vcf for chr10...
/home/share/data/s05_import_to_R/IHCAPX8_dragen_joint.clinvar.reheaded_chr10.vcf.gz created.
Indexing VCF...

Creating vcf for chr11...
/home/share/data/s05_import_to_R/IHCAPX8_dragen_joint.clinvar.reheaded_chr11.vcf.gz created.
Indexing VCF...

Creating vcf for chr12...
/home/share/data/s05_import_to_R/IHCAPX8_dragen_joint.clinvar.reheaded_chr12.vcf.gz created.
Indexing VCF...

Creating vcf for chr13...
/home/share/data/s05_import_to_R/IHCAPX8_dragen_joint.clinvar.reheaded_chr13.vcf.gz created.
Indexing VCF...

Creating vcf for chr14...
/home/share/data/s05_import_to_R/IHCAPX8_dragen_joint.clinvar.reheaded_chr14.vcf.gz created.
Indexing VCF...

Creating vcf for chr15...
/home/share/data/s05_import_to_R/IHCAPX8_dragen_joint.clinvar.reheaded_chr15.vcf.gz created.
Indexing VCF...

Creating vcf for chr16...
/home/share/data/s05_import_to_R/IHCAPX8_dragen_joint.clinvar.reheaded_chr16.vcf.gz created.
Indexing VCF...

Creating vcf for chr17...
/home/share/data/s05_import_to_R/IHCAPX8_dragen_joint.clinvar.reheaded_chr17.vcf.gz created.
Indexing VCF...

Creating vcf for chr18...
/home/share/data/s05_import_to_R/IHCAPX8_dragen_joint.clinvar.reheaded_chr18.vcf.gz created.
Indexing VCF...

Creating vcf for chr19...
/home/share/data/s05_import_to_R/IHCAPX8_dragen_joint.clinvar.reheaded_chr19.vcf.gz created.
Indexing VCF...

Creating vcf for chr20...
/home/share/data/s05_import_to_R/IHCAPX8_dragen_joint.clinvar.reheaded_chr20.vcf.gz created.
Indexing VCF...

Creating vcf for chr21...
/home/share/data/s05_import_to_R/IHCAPX8_dragen_joint.clinvar.reheaded_chr21.vcf.gz created.
Indexing VCF...

Creating vcf for chr22...
/home/share/data/s05_import_to_R/IHCAPX8_dragen_joint.clinvar.reheaded_chr22.vcf.gz created.
Indexing VCF...

Creating vcf for chrX...
/home/share/data/s05_import_to_R/IHCAPX8_dragen_joint.clinvar.reheaded_chrX.vcf.gz created.
Indexing VCF...

Creating vcf for chrY...
/home/share/data/s05_import_to_R/IHCAPX8_dragen_joint.clinvar.reheaded_chrY.vcf.gz created.
Indexing VCF...

Done.
Fri Jun 10 19:20:12 UTC 2022

