Script: s02_overlaps_gene_list.sh
Wed Jul  6 17:34:13 UTC 2022

bedtools v2.30.0
Wed Jul  6 17:34:13 UTC 2022

Creating bed file from CCDS...

Loading required package: BiocManager
Bioconductor version '3.14' is out-of-date; the current release version '3.15'
  is available with R version '4.2'; see https://bioconductor.org/install
Loading required package: GenomicRanges
Loading required package: stats4
Loading required package: BiocGenerics

Attaching package: ‘BiocGenerics’

The following objects are masked from ‘package:stats’:

    IQR, mad, sd, var, xtabs

The following objects are masked from ‘package:base’:

    anyDuplicated, append, as.data.frame, basename, cbind, colnames,
    dirname, do.call, duplicated, eval, evalq, Filter, Find, get, grep,
    grepl, intersect, is.unsorted, lapply, Map, mapply, match, mget,
    order, paste, pmax, pmax.int, pmin, pmin.int, Position, rank,
    rbind, Reduce, rownames, sapply, setdiff, sort, table, tapply,
    union, unique, unsplit, which.max, which.min

Loading required package: S4Vectors

Attaching package: ‘S4Vectors’

The following objects are masked from ‘package:base’:

    expand.grid, I, unname

Loading required package: IRanges
Loading required package: GenomeInfoDb
Total number of coding sequences in CCDS file: 32579
Total number of coding sequences in filtered CCDS file: 24026
Finding overlaps...

Number of SV overlaps with genes: 4775

Number of SV overlaps with genes: 0

Done.
Wed Jul  6 17:34:17 UTC 2022

