Script: s01_check_annot_file.sh

Sun Jul  3 17:33:46 UTC 2022

bcftools 
Using htslib 1.15.1
Copyright (C) 2022 Genome Research Ltd.
License Expat: The MIT/Expat license
This is free software: you are free to change and redistribute it.
There is NO WARRANTY, to the extent permitted by law.
Sun Jul  3 17:33:46 UTC 2022

Input VCF file: /home/share/data/sv/s03_filter_imprecise_vars/IHCAPX8_SV_dragen_joint.sv.pass.precise.vcf.gz
Annotation GTF: /home/share/resources/ccds/CCDS.current.txt


Ensuring names are consistent...
Chromosomes in VCF file: 
chr1
chr10
chr11
chr12
chr13
chr14
chr15
chr16
chr17
chr18
chr19
chr2
chr20
chr21
chr22
chr3
chr4
chr5
chr6
chr7
chr8
chr9
chrX
chrY
Chromosomes in annotation file:
#chromosome
1
10
11
12
13
14
15
16
17
18
19
2
20
21
22
3
4
5
6
7
8
9
X
Y
Done.
Sun Jul  3 17:33:47 UTC 2022

