Script: s01_sv_vcf_stats.sh

Thu Jul 21 16:30:25 UTC 2022

bcftools 
Using htslib 1.15.1
Copyright (C) 2022 Genome Research Ltd.
License Expat: The MIT/Expat license
This is free software: you are free to change and redistribute it.
There is NO WARRANTY, to the extent permitted by law.
Thu Jul 21 16:30:25 UTC 2022

Input VCF: /home/share/data/s00_source_data/IHCAPX8/s02_structural_variants/IHCAPX8_SV_dragen_joint.sv.vcf.gz
Output folder: /home/share/data/sv/s01_sv_vcf_qc/bcfstats

Indexing VCF...
--- Summary of Variant Counts ---

Number of BND:	3320
Number of DEL:	6739
Number of DUP:	580
Number of INS:	8422
Number of SVs:	19061

--- Filters ---

Number of SVs passing all filters (PASS): 16428

Number of variants passing all filters by type and sample:

Number of BND (PASS) in IHCAPX8-1: 2696
Number of DEL (PASS) in IHCAPX8-1: 5871
Number of DUP (PASS) in IHCAPX8-1: 535
Number of INS (PASS) in IHCAPX8-1: 7326
Number of BND (PASS) in IHCAPX8-2: 2696
Number of DEL (PASS) in IHCAPX8-2: 5871
Number of DUP (PASS) in IHCAPX8-2: 535
Number of INS (PASS) in IHCAPX8-2: 7326
Number of BND (PASS) in IHCAPX8-3: 2696
Number of DEL (PASS) in IHCAPX8-3: 5871
Number of DUP (PASS) in IHCAPX8-3: 535
Number of INS (PASS) in IHCAPX8-3: 7326

--- Variant counts by SV type and sample ---

Number of variants passing specific filters:

382   MaxDepth
24    MaxDepth;MaxMQ0Frac
5     MaxDepth;MaxMQ0Frac;SampleFT
7     MaxDepth;MinQUAL;SampleFT
6     MaxDepth;NoPairSupport
25    MaxDepth;SampleFT
170   MaxMQ0Frac
1     MaxMQ0Frac;MinQUAL
2     MaxMQ0Frac;MinQUAL;SampleFT
10    MaxMQ0Frac;NoPairSupport
19    MaxMQ0Frac;SampleFT
252   MinQUAL
4     MinQUAL;NoPairSupport
14    MinQUAL;NoPairSupport;SampleFT
315   MinQUAL;SampleFT
132   NoPairSupport
3     NoPairSupport;SampleFT
16428 PASS
45    Ploidy
1217  SampleFT

   3320 BND .
   3692 PASS INS .
     12 PASS INS 100
     12 PASS INS 101
     18 PASS INS 102
      8 PASS INS 103
     12 PASS INS 104
     10 PASS INS 105
     14 PASS INS 106
      5 PASS INS 107
     16 PASS INS 108
      9 PASS INS 109
     16 PASS INS 110
     14 PASS INS 111
     13 PASS INS 112
      7 PASS INS 113
     13 PASS INS 114
     10 PASS INS 115
     11 PASS INS 116
     12 PASS INS 117
     12 PASS INS 118
      7 PASS INS 119
      1 PASS INS 1197
     12 PASS INS 120
     14 PASS INS 121
      6 PASS INS 122
      9 PASS INS 123
      7 PASS INS 124
      9 PASS INS 125
      9 PASS INS 126
      4 PASS INS 127
      3 PASS INS 128
      7 PASS INS 129
      9 PASS INS 130
     11 PASS INS 131
      4 PASS INS 132
     15 PASS INS 133
     11 PASS INS 134
     19 PASS INS 135
     15 PASS INS 136
      1 PASS INS 1363
      7 PASS INS 137
     11 PASS INS 138
      5 PASS INS 139
     10 PASS INS 140
      6 PASS INS 141
     10 PASS INS 142
      8 PASS INS 143
      1 PASS INS 1438
      2 PASS INS 144
      4 PASS INS 145
     10 PASS INS 146
      7 PASS INS 147
      3 PASS INS 148
      8 PASS INS 149
     11 PASS INS 150
      7 PASS INS 151
      4 PASS INS 152
      7 PASS INS 153
      7 PASS INS 154
      3 PASS INS 155
      2 PASS INS 156
      3 PASS INS 157
     11 PASS INS 158
      9 PASS INS 159
      5 PASS INS 160
      5 PASS INS 161
      8 PASS INS 162
      6 PASS INS 163
      6 PASS INS 164
      6 PASS INS 165
      9 PASS INS 166
      4 PASS INS 167
      7 PASS INS 168
      5 PASS INS 169
      4 PASS INS 170
      4 PASS INS 171
      8 PASS INS 172
      6 PASS INS 173
      5 PASS INS 174
      5 PASS INS 175
      8 PASS INS 176
      5 PASS INS 177
      3 PASS INS 178
      3 PASS INS 179
      7 PASS INS 180
      7 PASS INS 181
      2 PASS INS 182
      8 PASS INS 183
      2 PASS INS 184
      4 PASS INS 185
      3 PASS INS 186
      5 PASS INS 187
      5 PASS INS 188
      2 PASS INS 189
      6 PASS INS 190
      6 PASS INS 191
     10 PASS INS 192
      2 PASS INS 194
      4 PASS INS 195
      4 PASS INS 196
      4 PASS INS 197
      5 PASS INS 198
      6 PASS INS 199
      6 PASS INS 200
      3 PASS INS 201
      2 PASS INS 202
      6 PASS INS 203
      6 PASS INS 204
      2 PASS INS 205
      2 PASS INS 206
      2 PASS INS 207
      3 PASS INS 208
      2 PASS INS 209
      4 PASS INS 210
      2 PASS INS 211
      3 PASS INS 212
      3 PASS INS 213
      2 PASS INS 216
      2 PASS INS 217
      3 PASS INS 218
      4 PASS INS 219
      5 PASS INS 220
      5 PASS INS 221
      4 PASS INS 222
      6 PASS INS 223
      2 PASS INS 224
      3 PASS INS 225
      3 PASS INS 226
      4 PASS INS 227
      3 PASS INS 228
      1 PASS INS 229
      5 PASS INS 230
      3 PASS INS 231
      2 PASS INS 232
      2 PASS INS 234
      7 PASS INS 235
      4 PASS INS 236
      4 PASS INS 237
      1 PASS INS 240
      2 PASS INS 241
      6 PASS INS 242
      2 PASS INS 243
      1 PASS INS 244
      2 PASS INS 245
      1 PASS INS 246
      5 PASS INS 247
      4 PASS INS 248
      3 PASS INS 249
      2 PASS INS 250
      3 PASS INS 251
      1 PASS INS 252
      1 PASS INS 254
      5 PASS INS 255
      3 PASS INS 256
      4 PASS INS 257
      1 PASS INS 258
      3 PASS INS 259
      4 PASS INS 260
      2 PASS INS 261
      1 PASS INS 262
      1 PASS INS 263
      1 PASS INS 264
      2 PASS INS 265
      2 PASS INS 266
      3 PASS INS 268
      1 PASS INS 269
      7 PASS INS 270
      2 PASS INS 272
      4 PASS INS 273
      2 PASS INS 274
      1 PASS INS 275
      1 PASS INS 276
      3 PASS INS 277
      2 PASS INS 278
      5 PASS INS 279
      3 PASS INS 280
      4 PASS INS 281
      2 PASS INS 283
      5 PASS INS 284
      5 PASS INS 285
      6 PASS INS 286
      5 PASS INS 287
      4 PASS INS 288
      7 PASS INS 289
      4 PASS INS 290
      4 PASS INS 291
      8 PASS INS 292
      6 PASS INS 293
      4 PASS INS 294
      7 PASS INS 295
      3 PASS INS 296
      2 PASS INS 297
      7 PASS INS 298
      4 PASS INS 299
      5 PASS INS 300
      3 PASS INS 301
      2 PASS INS 302
      6 PASS INS 303
     12 PASS INS 304
     12 PASS INS 305
     10 PASS INS 306
     16 PASS INS 307
     22 PASS INS 308
     22 PASS INS 309
     26 PASS INS 310
     20 PASS INS 311
     38 PASS INS 312
     29 PASS INS 313
     39 PASS INS 314
     42 PASS INS 315
     39 PASS INS 316
     37 PASS INS 317
     36 PASS INS 318
     30 PASS INS 319
     28 PASS INS 320
     31 PASS INS 321
     27 PASS INS 322
     20 PASS INS 323
     25 PASS INS 324
     25 PASS INS 325
     19 PASS INS 326
     18 PASS INS 327
      9 PASS INS 328
      8 PASS INS 329
     17 PASS INS 330
     10 PASS INS 331
     12 PASS INS 332
      8 PASS INS 333
      9 PASS INS 334
      4 PASS INS 335
      5 PASS INS 336
     10 PASS INS 337
      5 PASS INS 338
      3 PASS INS 339
      3 PASS INS 340
      5 PASS INS 341
      3 PASS INS 342
      2 PASS INS 343
      3 PASS INS 344
      1 PASS INS 345
      2 PASS INS 346
      2 PASS INS 347
      2 PASS INS 348
      4 PASS INS 349
      3 PASS INS 351
      2 PASS INS 352
      5 PASS INS 353
      2 PASS INS 355
      2 PASS INS 356
      1 PASS INS 357
      1 PASS INS 358
      4 PASS INS 360
      2 PASS INS 364
      1 PASS INS 365
      3 PASS INS 366
      2 PASS INS 368
      3 PASS INS 372
      2 PASS INS 374
      2 PASS INS 375
      1 PASS INS 376
      2 PASS INS 377
      3 PASS INS 378
      1 PASS INS 380
      2 PASS INS 382
      1 PASS INS 384
      2 PASS INS 386
      2 PASS INS 389
      1 PASS INS 391
      1 PASS INS 395
      2 PASS INS 397
      3 PASS INS 398
      2 PASS INS 399
      2 PASS INS 400
      2 PASS INS 402
      1 PASS INS 405
      2 PASS INS 406
      1 PASS INS 407
      1 PASS INS 409
      1 PASS INS 410
      2 PASS INS 411
      2 PASS INS 413
      3 PASS INS 414
      3 PASS INS 415
      2 PASS INS 416
      3 PASS INS 417
      1 PASS INS 418
      3 PASS INS 420
      1 PASS INS 422
      1 PASS INS 425
      1 PASS INS 428
      3 PASS INS 431
      3 PASS INS 432
      4 PASS INS 433
      2 PASS INS 434
      1 PASS INS 436
      3 PASS INS 437
      2 PASS INS 439
      5 PASS INS 440
      2 PASS INS 443
      1 PASS INS 444
      2 PASS INS 446
      1 PASS INS 450
      3 PASS INS 451
      1 PASS INS 452
      1 PASS INS 453
      1 PASS INS 455
      1 PASS INS 456
      1 PASS INS 457
      2 PASS INS 459
      2 PASS INS 462
      1 PASS INS 463
      1 PASS INS 465
      1 PASS INS 466
      1 PASS INS 467
      2 PASS INS 469
      1 PASS INS 470
      1 PASS INS 471
      1 PASS INS 472
      1 PASS INS 474
      2 PASS INS 477
      1 PASS INS 480
      1 PASS INS 481
      3 PASS INS 482
      1 PASS INS 488
      1 PASS INS 490
      2 PASS INS 491
      1 PASS INS 494
      1 PASS INS 495
      1 PASS INS 497
      3 PASS INS 498
      1 PASS INS 499
     71 PASS INS 50
      1 PASS INS 500
      1 PASS INS 504
      1 PASS INS 508
      1 PASS INS 509
     51 PASS INS 51
      1 PASS INS 512
      1 PASS INS 513
      1 PASS INS 514
      1 PASS INS 515
      1 PASS INS 516
      1 PASS INS 518
     64 PASS INS 52
      1 PASS INS 520
      1 PASS INS 524
      1 PASS INS 526
     46 PASS INS 53
      2 PASS INS 533
      2 PASS INS 538
      1 PASS INS 539
     56 PASS INS 54
      1 PASS INS 540
      1 PASS INS 543
      1 PASS INS 549
     47 PASS INS 55
      3 PASS INS 551
      1 PASS INS 554
      1 PASS INS 555
      1 PASS INS 559
     49 PASS INS 56
      1 PASS INS 560
      2 PASS INS 567
     36 PASS INS 57
      1 PASS INS 570
      1 PASS INS 571
      1 PASS INS 574
      1 PASS INS 576
      2 PASS INS 578
      1 PASS INS 579
     41 PASS INS 58
      1 PASS INS 583
      1 PASS INS 584
      2 PASS INS 585
      1 PASS INS 586
      2 PASS INS 588
      1 PASS INS 589
     47 PASS INS 59
      1 PASS INS 598
     60 PASS INS 60
      1 PASS INS 600
      1 PASS INS 604
      1 PASS INS 605
     48 PASS INS 61
      2 PASS INS 611
      1 PASS INS 612
      1 PASS INS 615
      1 PASS INS 619
     44 PASS INS 62
      1 PASS INS 620
      1 PASS INS 626
     31 PASS INS 63
      2 PASS INS 631
      2 PASS INS 632
      1 PASS INS 636
     46 PASS INS 64
      1 PASS INS 641
     34 PASS INS 65
     39 PASS INS 66
      1 PASS INS 664
     23 PASS INS 67
      1 PASS INS 672
     29 PASS INS 68
      1 PASS INS 685
      2 PASS INS 687
     28 PASS INS 69
     32 PASS INS 70
      1 PASS INS 702
     12 PASS INS 71
     30 PASS INS 72
      1 PASS INS 727
     24 PASS INS 73
      1 PASS INS 734
     33 PASS INS 74
      1 PASS INS 748
     27 PASS INS 75
      1 PASS INS 758
     22 PASS INS 76
     21 PASS INS 77
     29 PASS INS 78
     24 PASS INS 79
     32 PASS INS 80
     24 PASS INS 81
      1 PASS INS 819
     25 PASS INS 82
      1 PASS INS 824
     20 PASS INS 83
      1 PASS INS 836
      1 PASS INS 839
     23 PASS INS 84
     22 PASS INS 85
     26 PASS INS 86
     25 PASS INS 87
     12 PASS INS 88
     18 PASS INS 89
     29 PASS INS 90
     16 PASS INS 91
     17 PASS INS 92
      1 PASS INS 927
     15 PASS INS 93
     20 PASS INS 94
     22 PASS INS 95
     22 PASS INS 96
      8 PASS INS 97
     29 PASS INS 98
      1 PASS INS 981
     21 PASS INS 99
80.9181
80.9181
--- Imprecise Variants ---
Number of imprecise BND: 820
Number of imprecise DEL: 131
Number of imprecise DUP: 61
Number of imprecise SVs: 1012


Done.
Thu Jul 21 16:30:26 UTC 2022

