Script: s01_check_clinvar_vcf.sh
Wed Jul  6 18:16:44 UTC 2022

bcftools 
Using htslib 1.15.1
Copyright (C) 2022 Genome Research Ltd.
License Expat: The MIT/Expat license
This is free software: you are free to change and redistribute it.
There is NO WARRANTY, to the extent permitted by law.
Wed Jul  6 18:16:44 UTC 2022

Input VCF: /home/share/data/sv/s02_filtering_sv/IHCAPX8_SV_dragen_joint.sv.pass.read_support.vcf.gz

ClinVar VCF (SV): /home/share/resources/clinvar/sv/nstd102.GRCh38.variant_call.vcf.gz


Checking chromosomes in ClinVar VCF:
1
10
11
12
13
14
15
16
17
18
19
2
20
21
22
3
4
5
6
7
8
9
MT
NT_113793.3
NT_113796.3
NT_187361.1
NT_187513.1
NT_187562.1
NT_187576.1
NT_187593.1
NT_187594.1
NT_187600.1
NT_187603.1
NT_187613.1
NT_187614.1
NT_187620.1
NT_187633.1
NT_187648.1
NT_187653.1
NT_187660.1
NT_187661.1
NT_187681.1
NT_187682.1
NT_187693.1
NW_003571049.1
NW_003571054.1
NW_003571055.2
NW_003571056.2
NW_003571058.2
NW_003571060.1
NW_003571061.2
NW_009646195.1
NW_009646198.1
NW_009646206.1
NW_009646209.1
NW_011332698.1
NW_011332701.1
NW_012132918.1
NW_015148966.1
NW_015495298.1
NW_018654714.1
X
Y

Checking chromosomes in Input VCF file:
chr1
chr10
chr11
chr12
chr13
chr14
chr15
chr16
chr17
chr18
chr19
chr2
chr20
chr21
chr22
chr3
chr4
chr5
chr6
chr7
chr8
chr9
chrX
chrY

Ensuring chromosomes notation matches between ClinVar and input VCF files...

Checking chromosomes in ClinVar VCF:
1
10
11
12
13
14
15
16
17
18
19
2
20
21
22
3
4
5
6
7
8
9
MT
NT_113793.3
NT_113796.3
NT_187361.1
NT_187513.1
NT_187562.1
NT_187576.1
NT_187593.1
NT_187594.1
NT_187600.1
NT_187603.1
NT_187613.1
NT_187614.1
NT_187620.1
NT_187633.1
NT_187648.1
NT_187653.1
NT_187660.1
NT_187661.1
NT_187681.1
NT_187682.1
NT_187693.1
NW_003571049.1
NW_003571054.1
NW_003571055.2
NW_003571056.2
NW_003571058.2
NW_003571060.1
NW_003571061.2
NW_009646195.1
NW_009646198.1
NW_009646206.1
NW_009646209.1
NW_011332698.1
NW_011332701.1
NW_012132918.1
NW_015148966.1
NW_015495298.1
NW_018654714.1
X
Y

Checking chromosomes in Input VCF file:
1
10
11
12
13
14
15
16
17
18
19
2
20
21
22
3
4
5
6
7
8
9
X
Y

Indexing VCF file...

Done.
Wed Jul  6 18:16:44 UTC 2022

