./s02_check_vcf_stats.sh
Wed May 18 11:50:05 UTC 2022

Check VCF stats for filtered VCF (all PASS filters)

bcftools 
Using htslib 1.15.1
Copyright (C) 2022 Genome Research Ltd.
License Expat: The MIT/Expat license
This is free software: you are free to change and redistribute it.
There is NO WARRANTY, to the extent permitted by law.
Wed May 18 11:50:05 UTC 2022

Variant Counts
-----------------
Number of samples: 3
Number of SNPs:    6058733
Number of INDELs:  1302671
Number of MNPs:    0
Number of others:  0
Number of sites:   7340086

Calculating BCF stats...

Generating BCF stats plots...
Parsing bcftools stats output: /home/share/data/s02_retain_pass_filter_vars/bcfstats/IHCAPX8_dragen_joint.hard-filtered.pass_filtered.vchk
Plotting graphs: python3 plot.py
Creating PDF: pdflatex summary.tex >plot-vcfstats.log 2>&1
Finished: /home/share/data/s02_retain_pass_filter_vars/bcfstats/summary.pdf

Done.
Wed May 18 11:50:59 UTC 2022

